Arguments: 
  C:\Program Files\nodejs\node.exe C:\Program Files (x86)\Yarn\bin\yarn.js init

PATH: 
  C:\Program Files\Git\mingw64\bin;C:\Program Files\Git\usr\bin;C:\Users\ADMIN\bin;C:\Program Files\Common Files\Oracle\Java\javapath;C:\WINDOWS\system32;C:\WINDOWS;C:\WINDOWS\System32\Wbem;C:\WINDOWS\System32\WindowsPowerShell\v1.0;C:\WINDOWS\System32\OpenSSH;C:\Program Files\nodejs;C:\Program Files\Git\cmd;C:\Program Files (x86)\Yarn\bin;C:\Program Files\Java\jdk-15.0.2\bin;C:\MinGW\bin;C:\Program Files\dotnet;C:\Program Files\Microsoft SQL Server\130\Tools\Binn;C:\Program Files\Microsoft SQL Server\Client SDK\ODBC\170\Tools\Binn;C:\Program Files (x86)\Microsoft SQL Server\150\Tools\Binn;C:\Program Files\Microsoft SQL Server\150\Tools\Binn;C:\Program Files\Microsoft SQL Server\150\DTS\Binn;C:\Program Files (x86)\Microsoft SQL Server\150\DTS\Binn;C:\Program Files\Azure Data Studio\bin;C:\Program Files\Docker\Docker\resources\bin;C:\ProgramData\DockerDesktop\version-bin;C:\apache-maven-3.6.0\bin;C:\Users\ADMIN\AppData\Local\Microsoft\WindowsApps;C:\Users\ADMIN\AppData\Local\Programs\Microsoft VS Code\bin;C:\Users\ADMIN\AppData\Roaming\npm;C:\Users\ADMIN\AppData\Local\Yarn\bin;C:\Users\ADMIN\.dotnet\tools;C:\Program Files\dotnet\sdk\5.0.103;C:\Users\ADMIN\AppData\Local\Microsoft\WindowsApps\python.exe;C:\Program Files\Azure Data Studio\bin

Yarn version: 
  1.22.5

Node version: 
  14.15.4

Platform: 
  win32 x64

Trace: 
  Error: canceled
      at Interface.<anonymous> (C:\Program Files (x86)\Yarn\lib\cli.js:137009:13)
      at Interface.emit (events.js:315:20)
      at Interface._ttyWrite (readline.js:875:16)
      at ReadStream.onkeypress (readline.js:213:10)
      at ReadStream.emit (events.js:315:20)
      at emitKeys (internal/readline/utils.js:345:14)
      at emitKeys.next (<anonymous>)
      at ReadStream.onData (readline.js:1144:36)
      at ReadStream.emit (events.js:315:20)
      at addChunk (internal/streams/readable.js:309:12)

npm manifest: 
  {
    "name": "sgroup-exercise-1",
    "version": "1.0.0",
    "description": "setup basic project",
    "main": "index.js",
    "scripts": {
      "lint": "eslint --fix --ext .js .",
      "dev": "nodemon --exec babel-node src/bin/www.js",
      "start": "npm run build && node ./dist/bin/www.js",
      "clean": "rm -rf dist && mkdir dist",
      "build:babel": "babel ./src --out-dir dist --copy-files",
      "build": "yarn run clean && yarn run build:babel",
      "knex": "node_modules/.bin/knex --knexfile ./knexfile.js",
      "db:reset": "yarn knex migrate:rollback && yarn knex migrate:latest && yarn knex seed:run"
    },
    "repository": {
      "type": "git",
      "url": "git+https://github.com/kimchilee11/Sgroup-exercise-1.git"
    },
    "author": "",
    "license": "ISC",
    "bugs": {
      "url": "https://github.com/kimchilee11/Sgroup-exercise-1/issues"
    },
    "homepage": "https://github.com/kimchilee11/Sgroup-exercise-1#readme",
    "dependencies": {
      "bcryptjs": "^2.4.3",
      "body-parser": "^1.19.0",
      "cors": "^2.8.5",
      "debug": "^4.2.0",
      "dotenv": "^8.2.0",
      "eslint-config-prettier": "^8.3.0",
      "eslint-plugin-prettier": "^3.4.0",
      "express": "^4.17.1",
      "http-status": "^1.5.0",
      "joi": "^17.4.0",
      "jsonwebtoken": "^8.5.1",
      "knex": "^0.21.12",
      "method-override": "^3.0.0",
      "mysql": "^2.18.1",
      "pug": "^3.0.2",
      "winston": "^3.3.3",
      "type": "module"
    },
    "devDependencies": {
      "@babel/cli": "^7.10.4",
      "@babel/core": "^7.10.4",
      "@babel/node": "^7.12.10",
      "@babel/plugin-proposal-class-properties": "^7.10.4",
      "@babel/plugin-proposal-decorators": "^7.12.1",
      "@babel/plugin-syntax-dynamic-import": "^7.8.3",
      "@babel/plugin-transform-async-to-generator": "^7.10.4",
      "@babel/plugin-transform-runtime": "^7.10.4",
      "@babel/preset-env": "^7.10.4",
      "@babel/register": "^7.10.5",
      "@babel/runtime": "^7.14.0",
      "babel-eslint": "^10.1.0",
      "babel-plugin-transform-runtime": "^6.23.0",
      "eslint": "^7.30.0",
      "eslint-config-airbnb-base": "^14.2.0",
      "eslint-config-xo": "^0.37.0",
      "eslint-plugin-import": "^2.21.2",
      "husky": "^4.3.8",
      "nodemon": "^2.0.7"
    }
  }

yarn manifest: 
  No manifest

Lockfile: 
  No lockfile
